<?xml version="1.0" encoding="UTF-8"?>
<!-- Generated by org.testng.reporters.JUnitXMLReporter -->
<testsuite hostname="hp" ignored="0" name="Test" tests="6" failures="1" timestamp="11 May 2020 10:25:35 GMT" time="8.116" errors="0">
  <testcase name="testExecutionflow" time="7.182" classname="TestProj.UtilityApplication"/>
  <testcase name="TC001_JsonRequest_validation" time="0.008" classname="TestProj.ReportGeneration"/>
  <testcase name="TC002_JsonDataGeneration" time="0.004" classname="TestProj.ReportGeneration"/>
  <testcase name="TC003_PDFDataGeneration" time="0.104" classname="TestProj.ReportGeneration"/>
  <testcase name="TC004_CommonDataGeneration" time="0.097" classname="TestProj.ReportGeneration"/>
  <testcase name="TC005_ExcelDataValidation" time="0.141" classname="TestProj.ReportGeneration">
    <failure type="java.lang.AssertionError" message="expected [true] but found [false]">
      <![CDATA[java.lang.AssertionError: expected [true] but found [false]
at TestProj.ReportGeneration.TC005_ExcelDataValidation(ReportGeneration.java:176)
... Removed 29 stack frames]]>
    </failure>
  </testcase> <!-- TC005_ExcelDataValidation -->
</testsuite> <!-- Test -->
